[INFO] 2020-10-10 11:44:12,998 logger __init__ (18) Create logger!
[INFO] 2020-10-10 11:44:18,443 pureDriver go_booking_with_location_id (33) Go to https://pure360.pure-yoga.com/en/HK?location_id=40
[INFO] 2020-10-10 11:44:20,153 pureDriver sign_in (44) [Start] sign in...
[INFO] 2020-10-10 11:44:23,515 pureDriver sign_in (56) [End] sign in...
[INFO] 2020-10-10 11:44:26,586 logger __init__ (18) Create logger!
[INFO] 2020-10-10 11:44:30,879 logger __init__ (18) Create logger!
[INFO] 2020-10-10 11:44:32,675 pureDriver go_booking_with_location_id (33) Go to https://pure360.pure-yoga.com/en/HK?location_id=7
[INFO] 2020-10-10 11:44:33,729 pureDriver go_booking_with_location_id (33) Go to https://pure360.pure-yoga.com/en/HK?location_id=40
[INFO] 2020-10-10 11:44:37,512 pureDriver get_time_list (66) [Start] get time list...
[INFO] 2020-10-10 11:44:37,903 pureDriver get_time_list (70) [End] get time list...
[INFO] 2020-10-10 11:44:37,904 pureDriver get_date_list (80) [Start] get date list...
[INFO] 2020-10-10 11:44:37,976 pureDriver get_date_list (84) [End] get date list...
[INFO] 2020-10-10 11:44:37,977 pureDriver get_lesson_dict (110) [Start] go get lesson box...
[INFO] 2020-10-10 11:44:58,213 pureDriver get_lesson_dict (115) [End] go get lesson box...[{'lesson': 'Hatha 1', 'teacher': 'Wai W. (C)', 'duration': '60', 'button': <selenium.webdriver.remote.webelement.WebElement (session="b3de599bf61edfe14917a677b0e552fb", element="4bf5a8e8-f005-4ae3-a128-3a0f79148ee2")>}, {'lesson': 'Hot Vinyasa 1', 'teacher': 'Ujjawal S.', 'duration': '60', 'button': <selenium.webdriver.remote.webelement.WebElement (session="b3de599bf61edfe14917a677b0e552fb", element="32eae51c-0091-4747-82d1-b816ad3dfd94")>}])
[INFO] 2020-10-10 11:44:58,410 pureDriver click_book (126) [Start] Click Book {'lesson': 'Vinyasa Gentle', 'teacher': 'Stephanie N. (C)', 'duration': '60', 'button': <selenium.webdriver.remote.webelement.WebElement (session="b3de599bf61edfe14917a677b0e552fb", element="f15af1f5-cdbf-4534-b18f-34dc231e1ec5")>}
[INFO] 2020-10-10 11:44:58,655 pureDriver click_book (128) [End] Click Book {'lesson': 'Vinyasa Gentle', 'teacher': 'Stephanie N. (C)', 'duration': '60', 'button': <selenium.webdriver.remote.webelement.WebElement (session="b3de599bf61edfe14917a677b0e552fb", element="f15af1f5-cdbf-4534-b18f-34dc231e1ec5")>}
[INFO] 2020-10-10 11:45:03,662 pureDriver go_next_week (95) [Start] go next week...
[INFO] 2020-10-10 11:45:09,035 pureDriver go_next_week (101) [End] go next week...
[INFO] 2020-10-10 11:45:09,036 pureDriver get_date_list (80) [Start] get date list...
[INFO] 2020-10-10 11:45:09,095 pureDriver get_date_list (84) [End] get date list...
